c:\users\pkr\documents\visual studio 2015\projects\dc_speedhighway\dc_speedhighway\release\dc_speedhighway.pch
c:\users\pkr\documents\visual studio 2015\projects\dc_speedhighway\dc_speedhighway\release\vc140.pdb
c:\users\pkr\documents\visual studio 2015\projects\dc_speedhighway\dc_speedhighway\release\stdafx.obj
c:\users\pkr\documents\visual studio 2015\projects\dc_speedhighway\dc_speedhighway\release\dc_speedhighway.obj
c:\users\pkr\documents\visual studio 2015\projects\dc_speedhighway\dc_speedhighway\release\dllmain.obj
c:\users\pkr\documents\visual studio 2015\projects\dc_speedhighway\release\dc_speedhighway.lib
c:\users\pkr\documents\visual studio 2015\projects\dc_speedhighway\release\dc_speedhighway.exp
c:\users\pkr\documents\visual studio 2015\projects\dc_speedhighway\release\dc_speedhighway.dll
c:\users\pkr\documents\visual studio 2015\projects\dc_speedhighway\release\dc_speedhighway.ipdb
c:\users\pkr\documents\visual studio 2015\projects\dc_speedhighway\release\dc_speedhighway.iobj
c:\users\pkr\documents\visual studio 2015\projects\dc_speedhighway\release\dc_speedhighway.pdb
g:\sonic\sadx project\sadx_dreamcast\dc_speedhighway\dc_speedhighway\release\dc_speedhighway.obj
g:\sonic\sadx project\sadx_dreamcast\dc_speedhighway\dc_speedhighway\release\dllmain.obj
g:\sonic\sadx project\sadx_dreamcast\dc_speedhighway\dc_speedhighway\release\stdafx.obj
g:\sonic\sadx project\sadx_dreamcast\dc_speedhighway\dc_speedhighway\release\dc_speedhighway.pch
g:\sonic\sadx project\sadx_dreamcast\dc_speedhighway\dc_speedhighway\release\vc140.pdb
g:\sonic\sadx project\sadx_dreamcast\dc_speedhighway\release\dc_speedhighway.pdb
g:\sonic\sadx project\sadx_dreamcast\dc_speedhighway\release\dc_speedhighway.dll
g:\sonic\sadx project\sadx_dreamcast\dc_speedhighway\dc_speedhighway\release\dc_speedhighway.tlog\cl.command.1.tlog
g:\sonic\sadx project\sadx_dreamcast\dc_speedhighway\dc_speedhighway\release\dc_speedhighway.tlog\cl.read.1.tlog
g:\sonic\sadx project\sadx_dreamcast\dc_speedhighway\dc_speedhighway\release\dc_speedhighway.tlog\cl.write.1.tlog
g:\sonic\sadx project\sadx_dreamcast\dc_speedhighway\dc_speedhighway\release\dc_speedhighway.tlog\dc_speedhighway.write.1u.tlog
g:\sonic\sadx project\sadx_dreamcast\dc_speedhighway\dc_speedhighway\release\dc_speedhighway.tlog\link.command.1.tlog
g:\sonic\sadx project\sadx_dreamcast\dc_speedhighway\dc_speedhighway\release\dc_speedhighway.tlog\link.read.1.tlog
g:\sonic\sadx project\sadx_dreamcast\dc_speedhighway\dc_speedhighway\release\dc_speedhighway.tlog\link.write.1.tlog
