c:\users\pkr\documents\visual studio 2015\projects\dc_chaorace\dc_chaorace\release\dc_chaorace.pch
c:\users\pkr\documents\visual studio 2015\projects\dc_chaorace\dc_chaorace\release\vc140.pdb
c:\users\pkr\documents\visual studio 2015\projects\dc_chaorace\dc_chaorace\release\stdafx.obj
c:\users\pkr\documents\visual studio 2015\projects\dc_chaorace\dc_chaorace\release\dc_chaorace.obj
c:\users\pkr\documents\visual studio 2015\projects\dc_chaorace\dc_chaorace\release\dllmain.obj
c:\users\pkr\documents\visual studio 2015\projects\dc_chaorace\release\dc_chaorace.lib
c:\users\pkr\documents\visual studio 2015\projects\dc_chaorace\release\dc_chaorace.exp
c:\users\pkr\documents\visual studio 2015\projects\dc_chaorace\release\dc_chaorace.dll
c:\users\pkr\documents\visual studio 2015\projects\dc_chaorace\release\dc_chaorace.ipdb
c:\users\pkr\documents\visual studio 2015\projects\dc_chaorace\release\dc_chaorace.iobj
c:\users\pkr\documents\visual studio 2015\projects\dc_chaorace\release\dc_chaorace.pdb
g:\sonic\sadx project\sadx_dreamcast\dc_chaorace\dc_chaorace\release\dc_chaorace.obj
g:\sonic\sadx project\sadx_dreamcast\dc_chaorace\dc_chaorace\release\dllmain.obj
g:\sonic\sadx project\sadx_dreamcast\dc_chaorace\dc_chaorace\release\stdafx.obj
g:\sonic\sadx project\sadx_dreamcast\dc_chaorace\dc_chaorace\release\dc_chaorace.pch
g:\sonic\sadx project\sadx_dreamcast\dc_chaorace\dc_chaorace\release\vc140.pdb
g:\sonic\sadx project\sadx_dreamcast\dc_chaorace\release\dc_chaorace.pdb
g:\sonic\sadx project\sadx_dreamcast\dc_chaorace\release\dc_chaorace.dll
g:\sonic\sadx project\sadx_dreamcast\dc_chaorace\dc_chaorace\release\dc_chaorace.tlog\cl.command.1.tlog
g:\sonic\sadx project\sadx_dreamcast\dc_chaorace\dc_chaorace\release\dc_chaorace.tlog\cl.read.1.tlog
g:\sonic\sadx project\sadx_dreamcast\dc_chaorace\dc_chaorace\release\dc_chaorace.tlog\cl.write.1.tlog
g:\sonic\sadx project\sadx_dreamcast\dc_chaorace\dc_chaorace\release\dc_chaorace.tlog\dc_chaorace.write.1u.tlog
g:\sonic\sadx project\sadx_dreamcast\dc_chaorace\dc_chaorace\release\dc_chaorace.tlog\link.command.1.tlog
g:\sonic\sadx project\sadx_dreamcast\dc_chaorace\dc_chaorace\release\dc_chaorace.tlog\link.read.1.tlog
g:\sonic\sadx project\sadx_dreamcast\dc_chaorace\dc_chaorace\release\dc_chaorace.tlog\link.write.1.tlog
